时间:2019-05-15 19:02:33,232 
级别:INFO 
文件:E:\cSharpWork\repos\CSharpTest\src\moudle\FileTest\Log\Log.cs
类名:FileTest.Log.Log
行数:38
日志内容: login success
-----------------
时间:2019-05-15 19:04:24,777 
级别:INFO 
文件:E:\cSharpWork\repos\CSharpTest\src\moudle\FileTest\Log\Log.cs
类名:FileTest.Log.Log
行数:38
日志内容: login success
-----------------
时间:2019-05-15 19:06:08,492 
级别:INFO 
文件:E:\cSharpWork\repos\CSharpTest\src\moudle\FileTest\Log\Log.cs
类名:FileTest.Log.Log
行数:38
日志内容: login success
-----------------
时间:2019-05-15 19:07:26,984 
级别:INFO 
文件:E:\cSharpWork\repos\CSharpTest\src\moudle\FileTest\Log\Log.cs
类名:FileTest.Log.Log
行数:38
日志内容: login success
-----------------
